Statistical profiling result from ./main.v8.log, (115 ticks, 0 unaccounted, 0 excluded).

 [Shared libraries]:
   ticks  total  nonlib   name

 [JavaScript]:
   ticks  total  nonlib   name
     26   22.6%   22.6%  LazyCompile: *<anonymous> main.js:1:1
      1    0.9%    0.9%  LazyCompile: ~Instantiate native apinatives.js:10:21

 [C++]:
   ticks  total  nonlib   name
     69   60.0%   60.0%  start
     14   12.2%   12.2%  _mach_vm_map
      2    1.7%    1.7%  _fcntl
      1    0.9%    0.9%  _vfwscanf
      1    0.9%    0.9%  _sprintf_l
      1    0.9%    0.9%  __simple_sfree

 [Summary]:
   ticks  total  nonlib   name
     27   23.5%   23.5%  JavaScript
     88   76.5%   76.5%  C++
      0    0.0%    0.0%  GC
      0    0.0%          Shared libraries

 [Bottom up (heavy) profile]:
  Note: percentage shows a share of a particular caller in the total
  amount of its parent calls.
  Callers occupying less than 2.0% are not shown.

   ticks parent  name
     69   60.0%  start
     11   15.9%    LazyCompile: ~Instantiate native apinatives.js:10:21
      6   54.5%      LazyCompile: ~Instantiate native apinatives.js:10:21
      5   83.3%        LazyCompile: ~Instantiate native apinatives.js:10:21
      1   16.7%        LazyCompile: ConfigureTemplateInstance native apinatives.js:63:35
      1  100.0%          LazyCompile: ~Instantiate native apinatives.js:10:21
      1  100.0%            LazyCompile: ~Instantiate native apinatives.js:10:21
      2   18.2%      LazyCompile: ConfigureTemplateInstance native apinatives.js:63:35
      2  100.0%        LazyCompile: ~Instantiate native apinatives.js:10:21
      2  100.0%          LazyCompile: ~Instantiate native apinatives.js:10:21
      8   11.6%    Script: ~main.js
      4    5.8%    Script: ~<anonymous> main.js:1:1
      2    2.9%    LazyCompile: ToPrimitive native runtime.js:293:21
      2  100.0%      LazyCompile: EQUALS native runtime.js:9:16
      2  100.0%        LazyCompile: ~Instantiate native apinatives.js:10:21
      2  100.0%          LazyCompile: ~Instantiate native apinatives.js:10:21
      2    2.9%    LazyCompile: ConfigureTemplateInstance native apinatives.js:63:35
      2  100.0%      LazyCompile: ~Instantiate native apinatives.js:10:21
      2  100.0%        LazyCompile: ~Instantiate native apinatives.js:10:21

     26   22.6%  LazyCompile: *<anonymous> main.js:1:1

     14   12.2%  _mach_vm_map
      9   64.3%    Script: ~<anonymous> main.js:1:1
      3   21.4%    Script: ~main.js
      1    7.1%    LazyCompile: ~Instantiate native apinatives.js:10:21
      1  100.0%      LazyCompile: ConfigureTemplateInstance native apinatives.js:63:35
      1  100.0%        LazyCompile: ~Instantiate native apinatives.js:10:21
      1  100.0%          LazyCompile: ~Instantiate native apinatives.js:10:21
      1    7.1%    LazyCompile: DefaultNumber native runtime.js:386:23
      1  100.0%      LazyCompile: ToPrimitive native runtime.js:293:21
      1  100.0%        LazyCompile: EQUALS native runtime.js:9:16
      1  100.0%          LazyCompile: ~Instantiate native apinatives.js:10:21
      1  100.0%            LazyCompile: ConfigureTemplateInstance native apinatives.js:63:35

